2020-10-21T15:12:04+00:00 CRITICAL Uncaught Error: Call to undefined function get_post_thumbnail_url() in /Users/helvinrymer/Local Sites/enya/app/public/wp-content/themes/lashtech/includes/sectionone.php:18
Stack trace:
#0 /Users/helvinrymer/Local Sites/enya/app/public/wp-content/themes/lashtech/front-page.php(4): require_once()
#1 /Users/helvinrymer/Local Sites/enya/app/public/wp-includes/template-loader.php(106): include('/Users/helvinry...')
#2 /Users/helvinrymer/Local Sites/enya/app/public/wp-blog-header.php(19): require_once('/Users/helvinry...')
#3 /Users/helvinrymer/Local Sites/enya/app/public/index.php(17): require('/Users/helvinry...')
#4 {main}
  thrown in /Users/helvinrymer/Local Sites/enya/app/public/wp-content/themes/lashtech/includes/sectionone.php on line 18

2020-10-21T15:12:06+00:00 CRITICAL Uncaught Error: Call to undefined function get_post_thumbnail_url() in /Users/helvinrymer/Local Sites/enya/app/public/wp-content/themes/lashtech/includes/sectionone.php:18
Stack trace:
#0 /Users/helvinrymer/Local Sites/enya/app/public/wp-content/themes/lashtech/front-page.php(4): require_once()
#1 /Users/helvinrymer/Local Sites/enya/app/public/wp-includes/template-loader.php(106): include('/Users/helvinry...')
#2 /Users/helvinrymer/Local Sites/enya/app/public/wp-blog-header.php(19): require_once('/Users/helvinry...')
#3 /Users/helvinrymer/Local Sites/enya/app/public/index.php(17): require('/Users/helvinry...')
#4 {main}
  thrown in /Users/helvinrymer/Local Sites/enya/app/public/wp-content/themes/lashtech/includes/sectionone.php on line 18

2020-10-21T18:28:17+00:00 CRITICAL require_once(): Failed opening required 'includes/sectionthree.php' (include_path='.:/usr/share/php:/www/wp-content/pear') in /Users/helvinrymer/Local Sites/enya/app/public/wp-content/themes/lashtech/front-page.php on line 6

2020-10-21T18:28:24+00:00 CRITICAL require_once(): Failed opening required 'includes/sectionthree.php' (include_path='.:/usr/share/php:/www/wp-content/pear') in /Users/helvinrymer/Local Sites/enya/app/public/wp-content/themes/lashtech/front-page.php on line 6

2020-10-21T18:31:29+00:00 CRITICAL syntax error, unexpected 'echo' (T_ECHO) in /Users/helvinrymer/Local Sites/enya/app/public/wp-content/themes/lashtech/includes/footerdetails.php on line 2

2020-10-21T18:35:23+00:00 CRITICAL syntax error, unexpected '?>' in /Users/helvinrymer/Local Sites/enya/app/public/wp-content/themes/lashtech/includes/footerdetails.php on line 2

